<?xml version="1.0" encoding="UTF-8"?>
<!-- Generated by org.testng.reporters.JUnitReportReporter -->
<testsuite hostname="DESKTOP-56C0EHH" failures="0" tests="2" name="com.actitime.scripts.TC1_ActitimeLoginLogout" time="18.328" errors="0" timestamp="2023-10-12T10:46:21 IST" skipped="0">
  <testcase classname="com.actitime.scripts.TC1_ActitimeLoginLogout" name="login" time="9.475"/>
  <system-out/>
  <testcase classname="com.actitime.scripts.TC1_ActitimeLoginLogout" name="logout" time="8.853"/>
  <system-out/>
</testsuite> <!-- com.actitime.scripts.TC1_ActitimeLoginLogout -->
