<?xml version="1.0" encoding="UTF-8"?>
<!-- Generated by org.testng.reporters.JUnitReportReporter -->
<testsuite hostname="DESKTOP-56C0EHH" failures="0" tests="2" name="com.actitime.scripts.TC1_ActitimeLoginLogout" time="23.112" errors="0" timestamp="2023-10-16T10:57:10 IST" skipped="0">
  <testcase classname="com.actitime.scripts.TC1_ActitimeLoginLogout" name="login" time="12.460"/>
  <system-out/>
  <testcase classname="com.actitime.scripts.TC1_ActitimeLoginLogout" name="logout" time="10.652"/>
  <system-out/>
</testsuite> <!-- com.actitime.scripts.TC1_ActitimeLoginLogout -->
